<?xml version="1.0" encoding="UTF-8"?>
<!-- Generated by org.testng.reporters.JUnitReportReporter -->
<testsuite skipped="0" hostname="iball-PC" name="com.index.Checkout_as_Guest_Index" tests="1" failures="0" timestamp="30 Oct 2018 07:48:32 GMT" time="222.952" errors="0">
  <testcase name="Check_out_as_guest" time="222.952" classname="com.index.Checkout_as_Guest_Index"/>
</testsuite> <!-- com.index.Checkout_as_Guest_Index -->
