<?xml version="1.0" encoding="UTF-8"?>
<!-- Generated by org.testng.reporters.JUnitReportReporter -->
<testsuite skipped="1" hostname="iball-PC" name="com.index.AddtoCartDeleteIncreaseDecreaseProduct_Index" tests="2" failures="0" timestamp="17 Oct 2018 06:32:45 GMT" time="194.700" errors="0">
  <testcase name="AddtoCartDeleteIncreaseDecreaseProduct" time="81.013" classname="com.index.AddtoCartDeleteIncreaseDecreaseProduct_Index">
    <skipped/>
  </testcase> <!-- AddtoCartDeleteIncreaseDecreaseProduct -->
  <testcase name="AddtoCartDeleteIncreaseDecreaseProduct" time="113.687" classname="com.index.AddtoCartDeleteIncreaseDecreaseProduct_Index"/>
</testsuite> <!-- com.index.AddtoCartDeleteIncreaseDecreaseProduct_Index -->
