<?xml version="1.0" encoding="UTF-8"?>
<!-- Generated by org.testng.reporters.JUnitReportReporter -->
<testsuite skipped="1" hostname="iball-PC" name="com.index.MyPaymentData_Index" tests="2" failures="0" timestamp="17 Oct 2018 06:32:45 GMT" time="479.855" errors="0">
  <testcase name="MyPaymentData" time="247.166" classname="com.index.MyPaymentData_Index">
    <skipped/>
  </testcase> <!-- MyPaymentData -->
  <testcase name="MyPaymentData" time="232.689" classname="com.index.MyPaymentData_Index"/>
</testsuite> <!-- com.index.MyPaymentData_Index -->
