<?xml version="1.0" encoding="UTF-8"?>
<!-- Generated by org.testng.reporters.JUnitReportReporter -->
<testsuite skipped="0" hostname="iball-PC" name="com.index.Checkoutloggedin_Index" tests="1" failures="0" timestamp="17 Oct 2018 06:32:45 GMT" time="244.963" errors="0">
  <testcase name="CheckoutloggedIn" time="244.963" classname="com.index.Checkoutloggedin_Index"/>
</testsuite> <!-- com.index.Checkoutloggedin_Index -->
