<?xml version="1.0" encoding="UTF-8"?>
<!-- Generated by org.testng.reporters.JUnitReportReporter -->
<testsuite skipped="0" hostname="iball-PC" name="com.index.Add_To_Cart_Index" tests="1" failures="0" timestamp="17 Oct 2018 06:32:45 GMT" time="406.793" errors="0">
  <testcase name="Add_To_Cart" time="406.793" classname="com.index.Add_To_Cart_Index"/>
</testsuite> <!-- com.index.Add_To_Cart_Index -->
