<?xml version="1.0" encoding="UTF-8"?>
<!-- Generated by org.testng.reporters.JUnitReportReporter -->
<testsuite skipped="0" hostname="iball-PC" name="com.index.AddtoWishlist_Index" tests="1" failures="0" timestamp="17 Oct 2018 06:32:45 GMT" time="192.074" errors="0">
  <testcase name="AddtoWishlist" time="192.074" classname="com.index.AddtoWishlist_Index"/>
</testsuite> <!-- com.index.AddtoWishlist_Index -->
