<?xml version="1.0" encoding="UTF-8"?>
<!-- Generated by org.testng.reporters.JUnitReportReporter -->
<testsuite skipped="0" hostname="iball-PC" name="com.index.Checkout_as_Guest_Index" tests="1" failures="0" timestamp="29 Oct 2018 13:45:30 GMT" time="209.103" errors="0">
  <testcase name="Check_out_as_guest" time="209.103" classname="com.index.Checkout_as_Guest_Index"/>
</testsuite> <!-- com.index.Checkout_as_Guest_Index -->
